<?xml version="1.0" encoding="UTF-8"?>
<testng-results ignored="0" total="3" passed="3" failed="0" skipped="0">
  <reporter-output>
  </reporter-output>
  <suite started-at="2024-07-24T16:24:21 IST" name="Surefire suite" finished-at="2024-07-24T16:24:21 IST" duration-ms="54">
    <groups>
      <group name="Regression">
        <method signature="TestDomainTest.testMethod2()[pri:0, instance:testdomain.TestDomainTest@6e75aa0d]" name="testMethod2" class="testdomain.TestDomainTest"/>
        <method signature="TestDomainTest.testMethod3()[pri:0, instance:testdomain.TestDomainTest@6e75aa0d]" name="testMethod3" class="testdomain.TestDomainTest"/>
      </group> <!-- Regression -->
      <group name="Smoke">
        <method signature="TestDomainTest.testMethod1()[pri:0, instance:testdomain.TestDomainTest@6e75aa0d]" name="testMethod1" class="testdomain.TestDomainTest"/>
        <method signature="TestDomainTest.testMethod3()[pri:0, instance:testdomain.TestDomainTest@6e75aa0d]" name="testMethod3" class="testdomain.TestDomainTest"/>
      </group> <!-- Smoke -->
    </groups>
    <test started-at="2024-07-24T16:24:21 IST" name="Surefire test" finished-at="2024-07-24T16:24:21 IST" duration-ms="54">
      <class name="testdomain.TestDomainTest">
        <test-method is-config="true" signature="beforeSuite()[pri:0, instance:testdomain.TestDomainTest@6e75aa0d]" started-at="2024-07-24T16:24:21 IST" name="beforeSuite" finished-at="2024-07-24T16:24:21 IST" duration-ms="252" status="PASS">
          <reporter-output>
          </reporter-output>
        </test-method> <!-- beforeSuite -->
        <test-method is-config="true" signature="beforeMethod()[pri:0, instance:testdomain.TestDomainTest@6e75aa0d]" started-at="2024-07-24T16:24:21 IST" name="beforeMethod" finished-at="2024-07-24T16:24:21 IST" duration-ms="5" status="PASS">
          <reporter-output>
          </reporter-output>
        </test-method> <!-- beforeMethod -->
        <test-method signature="testMethod1()[pri:0, instance:testdomain.TestDomainTest@6e75aa0d]" started-at="2024-07-24T16:24:21 IST" name="testMethod1" finished-at="2024-07-24T16:24:21 IST" duration-ms="10" status="PASS">
          <reporter-output>
          </reporter-output>
        </test-method> <!-- testMethod1 -->
        <test-method is-config="true" signature="afterMethod(org.testng.ITestResult)[pri:0, instance:testdomain.TestDomainTest@6e75aa0d]" started-at="2024-07-24T16:24:21 IST" name="afterMethod" finished-at="2024-07-24T16:24:21 IST" duration-ms="4" status="PASS">
          <params>
            <param index="0">
              <value>
                <![CDATA[[TestResult name=testMethod1 status=SUCCESS method=TestDomainTest.testMethod1()[pri:0, instance:testdomain.TestDomainTest@6e75aa0d] output={null}]]]>
              </value>
            </param>
          </params>
          <reporter-output>
          </reporter-output>
        </test-method> <!-- afterMethod -->
        <test-method signature="testMethod2()[pri:0, instance:testdomain.TestDomainTest@6e75aa0d]" started-at="2024-07-24T16:24:21 IST" name="testMethod2" finished-at="2024-07-24T16:24:21 IST" duration-ms="1" status="PASS">
          <reporter-output>
          </reporter-output>
        </test-method> <!-- testMethod2 -->
        <test-method is-config="true" signature="beforeMethod()[pri:0, instance:testdomain.TestDomainTest@6e75aa0d]" started-at="2024-07-24T16:24:21 IST" name="beforeMethod" finished-at="2024-07-24T16:24:21 IST" duration-ms="0" status="PASS">
          <reporter-output>
          </reporter-output>
        </test-method> <!-- beforeMethod -->
        <test-method is-config="true" signature="afterMethod(org.testng.ITestResult)[pri:0, instance:testdomain.TestDomainTest@6e75aa0d]" started-at="2024-07-24T16:24:21 IST" name="afterMethod" finished-at="2024-07-24T16:24:21 IST" duration-ms="1" status="PASS">
          <params>
            <param index="0">
              <value>
                <![CDATA[[TestResult name=testMethod2 status=SUCCESS method=TestDomainTest.testMethod2()[pri:0, instance:testdomain.TestDomainTest@6e75aa0d] output={null}]]]>
              </value>
            </param>
          </params>
          <reporter-output>
          </reporter-output>
        </test-method> <!-- afterMethod -->
        <test-method is-config="true" signature="beforeMethod()[pri:0, instance:testdomain.TestDomainTest@6e75aa0d]" started-at="2024-07-24T16:24:21 IST" name="beforeMethod" finished-at="2024-07-24T16:24:21 IST" duration-ms="1" status="PASS">
          <reporter-output>
          </reporter-output>
        </test-method> <!-- beforeMethod -->
        <test-method signature="testMethod3()[pri:0, instance:testdomain.TestDomainTest@6e75aa0d]" started-at="2024-07-24T16:24:21 IST" name="testMethod3" finished-at="2024-07-24T16:24:21 IST" duration-ms="1" status="PASS">
          <reporter-output>
          </reporter-output>
        </test-method> <!-- testMethod3 -->
        <test-method is-config="true" signature="afterMethod(org.testng.ITestResult)[pri:0, instance:testdomain.TestDomainTest@6e75aa0d]" started-at="2024-07-24T16:24:21 IST" name="afterMethod" finished-at="2024-07-24T16:24:21 IST" duration-ms="1" status="PASS">
          <params>
            <param index="0">
              <value>
                <![CDATA[[TestResult name=testMethod3 status=SUCCESS method=TestDomainTest.testMethod3()[pri:0, instance:testdomain.TestDomainTest@6e75aa0d] output={null}]]]>
              </value>
            </param>
          </params>
          <reporter-output>
          </reporter-output>
        </test-method> <!-- afterMethod -->
      </class> <!-- testdomain.TestDomainTest -->
    </test> <!-- Surefire test -->
  </suite> <!-- Surefire suite -->
</testng-results>
