<?xml version="1.0" encoding="UTF-8"?>
<!-- Generated by org.testng.reporters.JUnitXMLReporter -->
<testsuite ignored="0" hostname="DESKTOP-97946S3" failures="1" tests="3" name="Surefire test" time="0.073" errors="0" timestamp="2024-07-24T16:51:47 IST">
  <testcase classname="devdomain.DevDomainTest" name="testMethod1" time="0.01"/>
  <testcase classname="devdomain.DevDomainTest" name="testMethod2" time="0.002"/>
  <testcase classname="devdomain.DevDomainTest" name="testMethod3" time="0.004">
    <failure type="java.lang.AssertionError" message="expected [true] but found [false]">
      <![CDATA[java.lang.AssertionError: expected [true] but found [false]
at devdomain.DevDomainTest.testMethod3(DevDomainTest.java:32)
at java.base/java.util.ArrayList.forEach(ArrayList.java:1596)
... Removed 34 stack frames]]>
    </failure>
  </testcase> <!-- testMethod3 -->
</testsuite> <!-- Surefire test -->
