<?xml version="1.0" encoding="UTF-8"?>
<!-- Generated by org.testng.reporters.JUnitXMLReporter -->
<testsuite ignored="0" hostname="DESKTOP-97946S3" failures="0" tests="3" name="Surefire test" time="0.055" errors="0" timestamp="2024-07-24T16:24:25 IST">
  <testcase classname="devdomain.DevDomainTest" name="testMethod1" time="0.007"/>
  <testcase classname="devdomain.DevDomainTest" name="testMethod2" time="0.001"/>
  <testcase classname="devdomain.DevDomainTest" name="testMethod3" time="0.002"/>
</testsuite> <!-- Surefire test -->
