<?xml version="1.0" encoding="UTF-8"?>
<!-- Generated by org.testng.reporters.JUnitXMLReporter -->
<testsuite ignored="2" hostname="DESKTOP-97946S3" failures="1" tests="4" name="Smoke Tests" time="0.104" errors="0" timestamp="2024-07-24T17:46:13 IST">
  <testcase classname="devdomain.DevDomainTest" name="testMethod1" time="0.007"/>
  <testcase classname="devdomain.DevDomainTest" name="testMethod3" time="0.001"/>
  <testcase classname="devdomain.DevDomainTest2" name="testMethod1" time="0.001"/>
  <testcase classname="devdomain.DevDomainTest2" name="testMethod3" time="0.009">
    <failure type="java.lang.AssertionError" message="expected [true] but found [false]">
      <![CDATA[java.lang.AssertionError: expected [true] but found [false]
at devdomain.DevDomainTest2.testMethod3(DevDomainTest2.java:32)
at java.base/java.util.ArrayList.forEach(ArrayList.java:1596)
... Removed 33 stack frames]]>
    </failure>
  </testcase> <!-- testMethod3 -->
  <testcase classname="devdomain.DevDomainTest" name="testMethod2" time="0.0">
    <ignored/>
  </testcase> <!-- testMethod2 -->
  <testcase classname="devdomain.DevDomainTest2" name="testMethod2" time="0.0">
    <ignored/>
  </testcase> <!-- testMethod2 -->
</testsuite> <!-- Smoke Tests -->
