<?xml version="1.0" encoding="UTF-8"?>
<!-- Generated by org.testng.reporters.JUnitXMLReporter -->
<testsuite ignored="0" hostname="DESKTOP-97946S3" failures="0" tests="3" name="Surefire test" time="0.054" errors="0" timestamp="2024-07-24T16:24:21 IST">
  <testcase classname="testdomain.TestDomainTest" name="testMethod1" time="0.01"/>
  <testcase classname="testdomain.TestDomainTest" name="testMethod2" time="0.001"/>
  <testcase classname="testdomain.TestDomainTest" name="testMethod3" time="0.001"/>
</testsuite> <!-- Surefire test -->
