<?xml version="1.0" encoding="UTF-8"?>
<!-- Generated by org.testng.reporters.JUnitXMLReporter -->
<testsuite ignored="2" hostname="DESKTOP-97946S3" failures="0" tests="4" name="Smoke Tests" time="0.045" errors="0" timestamp="2024-07-24T12:34:37 IST">
  <testcase classname="devdomain.DevDomainTest" name="testMethod1" time="0.005"/>
  <testcase classname="devdomain.DevDomainTest" name="testMethod3" time="0.001"/>
  <testcase classname="devdomain.DevDomainTest2" name="testMethod1" time="0.0"/>
  <testcase classname="devdomain.DevDomainTest2" name="testMethod3" time="0.001"/>
  <testcase classname="devdomain.DevDomainTest" name="testMethod2" time="0.0">
    <ignored/>
  </testcase> <!-- testMethod2 -->
  <testcase classname="devdomain.DevDomainTest2" name="testMethod2" time="0.0">
    <ignored/>
  </testcase> <!-- testMethod2 -->
</testsuite> <!-- Smoke Tests -->
