<?xml version="1.0" encoding="UTF-8"?>
<testng-results ignored="0" total="3" passed="3" failed="0" skipped="0">
  <reporter-output>
  </reporter-output>
  <suite started-at="2024-07-24T13:08:59 IST" name="Surefire suite" finished-at="2024-07-24T13:08:59 IST" duration-ms="58">
    <groups>
      <group name="Regression">
        <method signature="DevDomainTest.testMethod2()[pri:0, instance:devdomain.DevDomainTest@1d548a08]" name="testMethod2" class="devdomain.DevDomainTest"/>
        <method signature="DevDomainTest.testMethod3()[pri:0, instance:devdomain.DevDomainTest@1d548a08]" name="testMethod3" class="devdomain.DevDomainTest"/>
      </group> <!-- Regression -->
      <group name="Smoke">
        <method signature="DevDomainTest.testMethod1()[pri:0, instance:devdomain.DevDomainTest@1d548a08]" name="testMethod1" class="devdomain.DevDomainTest"/>
        <method signature="DevDomainTest.testMethod3()[pri:0, instance:devdomain.DevDomainTest@1d548a08]" name="testMethod3" class="devdomain.DevDomainTest"/>
      </group> <!-- Smoke -->
    </groups>
    <test started-at="2024-07-24T13:08:59 IST" name="Surefire test" finished-at="2024-07-24T13:08:59 IST" duration-ms="58">
      <class name="devdomain.DevDomainTest">
        <test-method signature="testMethod1()[pri:0, instance:devdomain.DevDomainTest@1d548a08]" started-at="2024-07-24T13:08:59 IST" name="testMethod1" finished-at="2024-07-24T13:08:59 IST" duration-ms="11" status="PASS">
          <reporter-output>
          </reporter-output>
        </test-method> <!-- testMethod1 -->
        <test-method signature="testMethod2()[pri:0, instance:devdomain.DevDomainTest@1d548a08]" started-at="2024-07-24T13:08:59 IST" name="testMethod2" finished-at="2024-07-24T13:08:59 IST" duration-ms="2" status="PASS">
          <reporter-output>
          </reporter-output>
        </test-method> <!-- testMethod2 -->
        <test-method signature="testMethod3()[pri:0, instance:devdomain.DevDomainTest@1d548a08]" started-at="2024-07-24T13:08:59 IST" name="testMethod3" finished-at="2024-07-24T13:08:59 IST" duration-ms="2" status="PASS">
          <reporter-output>
          </reporter-output>
        </test-method> <!-- testMethod3 -->
      </class> <!-- devdomain.DevDomainTest -->
    </test> <!-- Surefire test -->
  </suite> <!-- Surefire suite -->
</testng-results>
