<?xml version="1.0" encoding="UTF-8"?>
<!-- Generated by org.testng.reporters.JUnitXMLReporter -->
<testsuite ignored="2" hostname="DESKTOP-97946S3" failures="0" tests="4" name="Smoke Tests" time="0.07" errors="0" timestamp="2024-07-24T17:46:12 IST">
  <testcase classname="testdomain.TestDomainTest" name="testMethod1" time="0.008"/>
  <testcase classname="testdomain.TestDomainTest" name="testMethod3" time="0.001"/>
  <testcase classname="testdomain.TestDomainTest2" name="testMethod1" time="0.0"/>
  <testcase classname="testdomain.TestDomainTest2" name="testMethod3" time="0.001"/>
  <testcase classname="testdomain.TestDomainTest" name="testMethod2" time="0.0">
    <ignored/>
  </testcase> <!-- testMethod2 -->
  <testcase classname="testdomain.TestDomainTest2" name="testMethod2" time="0.0">
    <ignored/>
  </testcase> <!-- testMethod2 -->
</testsuite> <!-- Smoke Tests -->
