<?xml version="1.0" encoding="UTF-8"?>
<!-- Generated by org.testng.reporters.JUnitXMLReporter -->
<testsuite ignored="1" hostname="DESKTOP-97946S3" failures="0" tests="2" name="Smoke Tests" time="0.075" errors="0" timestamp="2024-07-24T17:44:30 IST">
  <testcase classname="testdomain.TestDomainTest" name="testMethod1" time="0.006"/>
  <testcase classname="testdomain.TestDomainTest" name="testMethod3" time="0.001"/>
  <testcase classname="testdomain.TestDomainTest" name="testMethod2" time="0.0">
    <ignored/>
  </testcase> <!-- testMethod2 -->
</testsuite> <!-- Smoke Tests -->
